<?xml version="1.0" encoding="UTF-8"?>
<!-- Generated by org.testng.reporters.JUnitXMLReporter -->
<testsuite ignored="3" hostname="DESKTOP-9HOSIS4" failures="0" tests="1" name="Default test" time="62.006" errors="0" timestamp="2022-03-18T22:40:29 GST">
  <testcase classname="testCases.LoginTest" name="LoginFailureTest" time="38.867"/>
  <testcase classname="testCases.LoginTest" name="ExternalSheetDataTest" time="0.0">
    <ignored/>
  </testcase> <!-- ExternalSheetDataTest -->
  <testcase classname="testCases.LoginTest" name="ParametirezedTest" time="0.0">
    <ignored/>
  </testcase> <!-- ParametirezedTest -->
  <testcase classname="testCases.LoginTest" name="LoginSuccessTest" time="0.0">
    <ignored/>
  </testcase> <!-- LoginSuccessTest -->
</testsuite> <!-- Default test -->
