<?xml version="1.0" encoding="UTF-8"?>
<!-- Generated by org.testng.reporters.JUnitXMLReporter -->
<testsuite ignored="1" hostname="DESKTOP-9HOSIS4" failures="0" tests="3" name="Test" time="65.741" errors="0" timestamp="2022-03-18T22:51:59 GST">
  <testcase classname="testCases.LoginTest" name="LoginFailureTest" time="9.557"/>
  <testcase classname="testCases.LoginTest" name="LoginSuccessTest" time="19.436"/>
  <testcase classname="testCases.LoginTest" name="ParametirezedTest" time="10.4"/>
  <testcase classname="testCases.LoginTest" name="ExternalSheetDataTest" time="0.0">
    <ignored/>
  </testcase> <!-- ExternalSheetDataTest -->
</testsuite> <!-- Test -->
